<?xml version="1.0" encoding="UTF-8"?>
<testsuite xmlns:xsi="http://www.w3.org/2001/XMLSchema-instance" xsi:noNamespaceSchemaLocation="https://maven.apache.org/surefire/maven-surefire-plugin/xsd/surefire-test-report-3.0.xsd" version="3.0" name="jsfbeans.BookTest" time="0.053" tests="1" errors="0" skipped="0" failures="0">
  <properties>
    <property name="sun.desktop" value="windows"/>
    <property name="awt.toolkit" value="sun.awt.windows.WToolkit"/>
    <property name="java.specification.version" value="11"/>
    <property name="sun.cpu.isalist" value="amd64"/>
    <property name="sun.jnu.encoding" value="Cp1252"/>
    <property name="java.class.path" value="C:\Users\besir\eclipse-workspace\jsfprojekt1\target\test-classes;C:\Users\besir\eclipse-workspace\jsfprojekt1\target\classes;C:\Users\besir\.m2\repository\jakarta\servlet\jakarta.servlet-api\5.0.0\jakarta.servlet-api-5.0.0.jar;C:\Users\besir\.m2\repository\org\glassfish\jakarta.faces\4.0.0-M1\jakarta.faces-4.0.0-M1.jar;C:\Users\besir\.m2\repository\jakarta\annotation\jakarta.annotation-api\2.0.0\jakarta.annotation-api-2.0.0.jar;C:\Users\besir\.m2\repository\jakarta\inject\jakarta.inject-api\2.0.0\jakarta.inject-api-2.0.0.jar;C:\Users\besir\.m2\repository\jakarta\enterprise\jakarta.enterprise.cdi-api\3.0.0\jakarta.enterprise.cdi-api-3.0.0.jar;C:\Users\besir\.m2\repository\jakarta\el\jakarta.el-api\4.0.0\jakarta.el-api-4.0.0.jar;C:\Users\besir\.m2\repository\jakarta\interceptor\jakarta.interceptor-api\2.0.0\jakarta.interceptor-api-2.0.0.jar;C:\Users\besir\.m2\repository\org\jboss\weld\servlet\weld-servlet-core\4.0.2.Final\weld-servlet-core-4.0.2.Final.jar;C:\Users\besir\.m2\repository\org\jboss\weld\environment\weld-environment-common\4.0.2.Final\weld-environment-common-4.0.2.Final.jar;C:\Users\besir\.m2\repository\org\jboss\weld\weld-core-impl\4.0.2.Final\weld-core-impl-4.0.2.Final.jar;C:\Users\besir\.m2\repository\org\jboss\weld\weld-spi\4.0.SP1\weld-spi-4.0.SP1.jar;C:\Users\besir\.m2\repository\org\jboss\weld\weld-api\4.0.SP1\weld-api-4.0.SP1.jar;C:\Users\besir\.m2\repository\org\jboss\weld\probe\weld-probe-core\4.0.2.Final\weld-probe-core-4.0.2.Final.jar;C:\Users\besir\.m2\repository\org\jboss\weld\module\weld-jsf\4.0.2.Final\weld-jsf-4.0.2.Final.jar;C:\Users\besir\.m2\repository\org\jboss\weld\module\weld-web\4.0.2.Final\weld-web-4.0.2.Final.jar;C:\Users\besir\.m2\repository\org\jboss\logging\jboss-logging\3.4.2.Final\jboss-logging-3.4.2.Final.jar;C:\Users\besir\.m2\repository\org\jboss\classfilewriter\jboss-classfilewriter\1.2.5.Final\jboss-classfilewriter-1.2.5.Final.jar;C:\Users\besir\.m2\repository\org\primefaces\primefaces\11.0.0\primefaces-11.0.0-jakarta.jar;C:\Users\besir\.m2\repository\org\junit\jupiter\junit-jupiter-api\5.9.0\junit-jupiter-api-5.9.0.jar;C:\Users\besir\.m2\repository\org\opentest4j\opentest4j\1.2.0\opentest4j-1.2.0.jar;C:\Users\besir\.m2\repository\org\junit\platform\junit-platform-commons\1.9.0\junit-platform-commons-1.9.0.jar;C:\Users\besir\.m2\repository\org\apiguardian\apiguardian-api\1.1.2\apiguardian-api-1.1.2.jar;C:\Users\besir\.m2\repository\org\junit\jupiter\junit-jupiter-engine\5.9.0\junit-jupiter-engine-5.9.0.jar;C:\Users\besir\.m2\repository\org\junit\platform\junit-platform-engine\1.9.0\junit-platform-engine-1.9.0.jar;"/>
    <property name="java.vm.vendor" value="Eclipse Adoptium"/>
    <property name="sun.arch.data.model" value="64"/>
    <property name="user.variant" value=""/>
    <property name="java.vendor.url" value="https://adoptium.net/"/>
    <property name="user.timezone" value="Europe/Berlin"/>
    <property name="java.vm.specification.version" value="11"/>
    <property name="os.name" value="Windows 11"/>
    <property name="sun.java.launcher" value="SUN_STANDARD"/>
    <property name="user.country" value="DE"/>
    <property name="sun.boot.library.path" value="C:\Program Files\Eclipse Adoptium\jdk-11.0.25.9-hotspot\bin"/>
    <property name="sun.java.command" value="C:\Users\besir\AppData\Local\Temp\surefire3077447076136981973\surefirebooter-20241020165703227_3.jar C:\Users\besir\AppData\Local\Temp\surefire3077447076136981973 2024-10-20T16-57-01_937-jvmRun1 surefire-20241020165703227_1tmp surefire_0-20241020165703227_2tmp"/>
    <property name="jdk.debug" value="release"/>
    <property name="surefire.test.class.path" value="C:\Users\besir\eclipse-workspace\jsfprojekt1\target\test-classes;C:\Users\besir\eclipse-workspace\jsfprojekt1\target\classes;C:\Users\besir\.m2\repository\jakarta\servlet\jakarta.servlet-api\5.0.0\jakarta.servlet-api-5.0.0.jar;C:\Users\besir\.m2\repository\org\glassfish\jakarta.faces\4.0.0-M1\jakarta.faces-4.0.0-M1.jar;C:\Users\besir\.m2\repository\jakarta\annotation\jakarta.annotation-api\2.0.0\jakarta.annotation-api-2.0.0.jar;C:\Users\besir\.m2\repository\jakarta\inject\jakarta.inject-api\2.0.0\jakarta.inject-api-2.0.0.jar;C:\Users\besir\.m2\repository\jakarta\enterprise\jakarta.enterprise.cdi-api\3.0.0\jakarta.enterprise.cdi-api-3.0.0.jar;C:\Users\besir\.m2\repository\jakarta\el\jakarta.el-api\4.0.0\jakarta.el-api-4.0.0.jar;C:\Users\besir\.m2\repository\jakarta\interceptor\jakarta.interceptor-api\2.0.0\jakarta.interceptor-api-2.0.0.jar;C:\Users\besir\.m2\repository\org\jboss\weld\servlet\weld-servlet-core\4.0.2.Final\weld-servlet-core-4.0.2.Final.jar;C:\Users\besir\.m2\repository\org\jboss\weld\environment\weld-environment-common\4.0.2.Final\weld-environment-common-4.0.2.Final.jar;C:\Users\besir\.m2\repository\org\jboss\weld\weld-core-impl\4.0.2.Final\weld-core-impl-4.0.2.Final.jar;C:\Users\besir\.m2\repository\org\jboss\weld\weld-spi\4.0.SP1\weld-spi-4.0.SP1.jar;C:\Users\besir\.m2\repository\org\jboss\weld\weld-api\4.0.SP1\weld-api-4.0.SP1.jar;C:\Users\besir\.m2\repository\org\jboss\weld\probe\weld-probe-core\4.0.2.Final\weld-probe-core-4.0.2.Final.jar;C:\Users\besir\.m2\repository\org\jboss\weld\module\weld-jsf\4.0.2.Final\weld-jsf-4.0.2.Final.jar;C:\Users\besir\.m2\repository\org\jboss\weld\module\weld-web\4.0.2.Final\weld-web-4.0.2.Final.jar;C:\Users\besir\.m2\repository\org\jboss\logging\jboss-logging\3.4.2.Final\jboss-logging-3.4.2.Final.jar;C:\Users\besir\.m2\repository\org\jboss\classfilewriter\jboss-classfilewriter\1.2.5.Final\jboss-classfilewriter-1.2.5.Final.jar;C:\Users\besir\.m2\repository\org\primefaces\primefaces\11.0.0\primefaces-11.0.0-jakarta.jar;C:\Users\besir\.m2\repository\org\junit\jupiter\junit-jupiter-api\5.9.0\junit-jupiter-api-5.9.0.jar;C:\Users\besir\.m2\repository\org\opentest4j\opentest4j\1.2.0\opentest4j-1.2.0.jar;C:\Users\besir\.m2\repository\org\junit\platform\junit-platform-commons\1.9.0\junit-platform-commons-1.9.0.jar;C:\Users\besir\.m2\repository\org\apiguardian\apiguardian-api\1.1.2\apiguardian-api-1.1.2.jar;C:\Users\besir\.m2\repository\org\junit\jupiter\junit-jupiter-engine\5.9.0\junit-jupiter-engine-5.9.0.jar;C:\Users\besir\.m2\repository\org\junit\platform\junit-platform-engine\1.9.0\junit-platform-engine-1.9.0.jar;"/>
    <property name="sun.cpu.endian" value="little"/>
    <property name="user.home" value="C:\Users\besir"/>
    <property name="user.language" value="de"/>
    <property name="java.specification.vendor" value="Oracle Corporation"/>
    <property name="java.version.date" value="2024-10-15"/>
    <property name="java.home" value="C:\Program Files\Eclipse Adoptium\jdk-11.0.25.9-hotspot"/>
    <property name="file.separator" value="\"/>
    <property name="style.color" value="always"/>
    <property name="basedir" value="C:\Users\besir\eclipse-workspace\jsfprojekt1"/>
    <property name="java.vm.compressedOopsMode" value="Zero based"/>
    <property name="line.separator" value="&#10;"/>
    <property name="java.specification.name" value="Java Platform API Specification"/>
    <property name="java.vm.specification.vendor" value="Oracle Corporation"/>
    <property name="java.awt.graphicsenv" value="sun.awt.Win32GraphicsEnvironment"/>
    <property name="surefire.real.class.path" value="C:\Users\besir\AppData\Local\Temp\surefire3077447076136981973\surefirebooter-20241020165703227_3.jar"/>
    <property name="user.script" value=""/>
    <property name="sun.management.compiler" value="HotSpot 64-Bit Tiered Compilers"/>
    <property name="java.runtime.version" value="11.0.25+9"/>
    <property name="user.name" value="besir"/>
    <property name="path.separator" value=";"/>
    <property name="os.version" value="10.0"/>
    <property name="java.runtime.name" value="OpenJDK Runtime Environment"/>
    <property name="file.encoding" value="Cp1252"/>
    <property name="java.vm.name" value="OpenJDK 64-Bit Server VM"/>
    <property name="java.vendor.version" value="Temurin-11.0.25+9"/>
    <property name="localRepository" value="C:\Users\besir\.m2\repository"/>
    <property name="java.vendor.url.bug" value="https://github.com/adoptium/adoptium-support/issues"/>
    <property name="java.io.tmpdir" value="C:\Users\besir\AppData\Local\Temp\"/>
    <property name="java.version" value="11.0.25"/>
    <property name="user.dir" value="C:\Users\besir\eclipse-workspace\jsfprojekt1"/>
    <property name="os.arch" value="amd64"/>
    <property name="java.vm.specification.name" value="Java Virtual Machine Specification"/>
    <property name="java.awt.printerjob" value="sun.awt.windows.WPrinterJob"/>
    <property name="sun.os.patch.level" value=""/>
    <property name="java.library.path" value="C:\Program Files\Eclipse Adoptium\jdk-11.0.25.9-hotspot\bin;C:\Windows\Sun\Java\bin;C:\Windows\system32;C:\Windows;C:/Users/besir/.p2/pool/plugins/org.eclipse.justj.openjdk.hotspot.jre.full.win32.x86_64_23.0.0.v20240919-1706/jre/bin/server;C:/Users/besir/.p2/pool/plugins/org.eclipse.justj.openjdk.hotspot.jre.full.win32.x86_64_23.0.0.v20240919-1706/jre/bin;C:\Program Files\Eclipse Adoptium\jdk-11.0.25.9-hotspot\bin;C:\Program Files\Common Files\Oracle\Java\javapath;C:\Windows\system32;C:\Windows;C:\Windows\System32\Wbem;C:\Windows\System32\WindowsPowerShell\v1.0\;C:\Windows\System32\OpenSSH\;C:\Program Files (x86)\NVIDIA Corporation\PhysX\Common;C:\Program Files\NVIDIA Corporation\NVIDIA NvDLISR;C:\Program Files\Microsoft SQL Server\150\Tools\Binn\;C:\Program Files\Microsoft SQL Server\Client SDK\ODBC\170\Tools\Binn\;C:\Program Files\dotnet\;C:\Program Files\Git\cmd;C:\Program Files (x86)\Microsoft SQL Server\160\Tools\Binn\;C:\Program Files\Microsoft SQL Server\160\Tools\Binn\;C:\Program Files\Microsoft SQL Server\160\DTS\Binn\;C:\Program Files (x86)\Microsoft SQL Server\160\DTS\Binn\;C:\Users\besir\AppData\Local\Microsoft\WindowsApps;C:\Users\besir\.dotnet\tools;C:\Windows\System32;;."/>
    <property name="java.vm.info" value="mixed mode"/>
    <property name="java.vendor" value="Eclipse Adoptium"/>
    <property name="java.vm.version" value="11.0.25+9"/>
    <property name="java.specification.maintenance.version" value="3"/>
    <property name="sun.io.unicode.encoding" value="UnicodeLittle"/>
    <property name="java.class.version" value="55.0"/>
  </properties>
  <testcase name="testSaveReturnToIndex" classname="jsfbeans.BookTest" time="0.036"/>
</testsuite>